{"C:\\Users\\lligu\\GitHub\\matterbridge-eve-weather\\src\\index.ts": {"path":"C:\\Users\\lligu\\GitHub\\matterbridge-eve-weather\\src\\index.ts","statementMap":{"0":{"start":{"line":12,"column":2},"end":{"line":12,"column":59}}},"fnMap":{"0":{"name":"initializePlugin","decl":{"start":{"line":11,"column":24},"end":{"line":11,"column":40}},"loc":{"start":{"line":11,"column":108},"end":{"line":13,"column":1}}}},"branchMap":{},"s":{"0":1},"f":{"0":1},"b":{}}
,"C:\\Users\\lligu\\GitHub\\matterbridge-eve-weather\\src\\platform.ts": {"path":"C:\\Users\\lligu\\GitHub\\matterbridge-eve-weather\\src\\platform.ts","statementMap":{"0":{"start":{"line":22,"column":4},"end":{"line":22,"column":37}},"1":{"start":{"line":23,"column":4},"end":{"line":23,"column":62}},"2":{"start":{"line":27,"column":4},"end":{"line":27,"column":67}},"3":{"start":{"line":29,"column":4},"end":{"line":29,"column":117}},"4":{"start":{"line":31,"column":4},"end":{"line":31,"column":74}},"5":{"start":{"line":32,"column":4},"end":{"line":32,"column":54}},"6":{"start":{"line":33,"column":4},"end":{"line":33,"column":166}},"7":{"start":{"line":34,"column":4},"end":{"line":34,"column":76}},"8":{"start":{"line":36,"column":4},"end":{"line":36,"column":60}},"9":{"start":{"line":37,"column":4},"end":{"line":37,"column":81}},"10":{"start":{"line":39,"column":4},"end":{"line":39,"column":60}},"11":{"start":{"line":40,"column":4},"end":{"line":40,"column":68}},"12":{"start":{"line":42,"column":4},"end":{"line":42,"column":44}},"13":{"start":{"line":43,"column":4},"end":{"line":43,"column":127}},"14":{"start":{"line":46,"column":4},"end":{"line":46,"column":78}},"15":{"start":{"line":47,"column":4},"end":{"line":47,"column":41}},"16":{"start":{"line":49,"column":4},"end":{"line":49,"column":44}},"17":{"start":{"line":51,"column":4},"end":{"line":54,"column":7}},"18":{"start":{"line":52,"column":6},"end":{"line":52,"column":76}},"19":{"start":{"line":53,"column":6},"end":{"line":53,"column":38}},"20":{"start":{"line":56,"column":4},"end":{"line":56,"column":89}},"21":{"start":{"line":57,"column":4},"end":{"line":57,"column":105}},"22":{"start":{"line":58,"column":4},"end":{"line":58,"column":131}},"23":{"start":{"line":59,"column":4},"end":{"line":59,"column":91}},"24":{"start":{"line":63,"column":4},"end":{"line":63,"column":40}},"25":{"start":{"line":65,"column":25},"end":{"line":65,"column":26}},"26":{"start":{"line":66,"column":25},"end":{"line":66,"column":26}},"27":{"start":{"line":68,"column":4},"end":{"line":98,"column":6}},"28":{"start":{"line":70,"column":8},"end":{"line":70,"column":51}},"29":{"start":{"line":70,"column":44},"end":{"line":70,"column":51}},"30":{"start":{"line":71,"column":28},"end":{"line":71,"column":64}},"31":{"start":{"line":72,"column":8},"end":{"line":72,"column":63}},"32":{"start":{"line":72,"column":34},"end":{"line":72,"column":63}},"33":{"start":{"line":73,"column":8},"end":{"line":73,"column":63}},"34":{"start":{"line":73,"column":34},"end":{"line":73,"column":63}},"35":{"start":{"line":74,"column":8},"end":{"line":74,"column":63}},"36":{"start":{"line":75,"column":8},"end":{"line":75,"column":63}},"37":{"start":{"line":76,"column":25},"end":{"line":76,"column":60}},"38":{"start":{"line":77,"column":25},"end":{"line":77,"column":64}},"39":{"start":{"line":78,"column":8},"end":{"line":78,"column":123}},"40":{"start":{"line":79,"column":8},"end":{"line":79,"column":129}},"41":{"start":{"line":80,"column":8},"end":{"line":80,"column":129}},"42":{"start":{"line":81,"column":8},"end":{"line":81,"column":123}},"43":{"start":{"line":82,"column":8},"end":{"line":82,"column":125}},"44":{"start":{"line":83,"column":8},"end":{"line":83,"column":111}},"45":{"start":{"line":85,"column":8},"end":{"line":88,"column":114}},"46":{"start":{"line":85,"column":28},"end":{"line":85,"column":135}},"47":{"start":{"line":86,"column":13},"end":{"line":88,"column":114}},"48":{"start":{"line":86,"column":33},"end":{"line":86,"column":135}},"49":{"start":{"line":87,"column":13},"end":{"line":88,"column":114}},"50":{"start":{"line":87,"column":34},"end":{"line":87,"column":142}},"51":{"start":{"line":88,"column":13},"end":{"line":88,"column":114}},"52":{"start":{"line":91,"column":8},"end":{"line":91,"column":100}},"53":{"start":{"line":93,"column":8},"end":{"line":93,"column":74}},"54":{"start":{"line":94,"column":8},"end":{"line":94,"column":93}},"55":{"start":{"line":95,"column":8},"end":{"line":95,"column":149}},"56":{"start":{"line":102,"column":4},"end":{"line":102,"column":70}},"57":{"start":{"line":103,"column":4},"end":{"line":103,"column":32}},"58":{"start":{"line":104,"column":4},"end":{"line":104,"column":33}},"59":{"start":{"line":105,"column":4},"end":{"line":105,"column":85}},"60":{"start":{"line":105,"column":51},"end":{"line":105,"column":85}}},"fnMap":{"0":{"name":"(anonymous_0)","decl":{"start":{"line":21,"column":2},"end":{"line":21,"column":14}},"loc":{"start":{"line":21,"column":81},"end":{"line":24,"column":3}}},"1":{"name":"(anonymous_1)","decl":{"start":{"line":26,"column":11},"end":{"line":26,"column":16}},"loc":{"start":{"line":26,"column":40},"end":{"line":60,"column":3}}},"2":{"name":"(anonymous_2)","decl":{"start":{"line":51,"column":47},"end":{"line":51,"column":52}},"loc":{"start":{"line":51,"column":87},"end":{"line":54,"column":5}}},"3":{"name":"(anonymous_3)","decl":{"start":{"line":62,"column":11},"end":{"line":62,"column":16}},"loc":{"start":{"line":62,"column":28},"end":{"line":99,"column":3}}},"4":{"name":"(anonymous_4)","decl":{"start":{"line":69,"column":6},"end":{"line":69,"column":9}},"loc":{"start":{"line":69,"column":11},"end":{"line":96,"column":7}}},"5":{"name":"(anonymous_5)","decl":{"start":{"line":101,"column":11},"end":{"line":101,"column":16}},"loc":{"start":{"line":101,"column":43},"end":{"line":106,"column":3}}}},"branchMap":{"0":{"loc":{"start":{"line":27,"column":49},"end":{"line":27,"column":65}},"type":"binary-expr","locations":[{"start":{"line":27,"column":49},"end":{"line":27,"column":55}},{"start":{"line":27,"column":59},"end":{"line":27,"column":65}}]},"1":{"loc":{"start":{"line":70,"column":8},"end":{"line":70,"column":51}},"type":"if","locations":[{"start":{"line":70,"column":8},"end":{"line":70,"column":51}}]},"2":{"loc":{"start":{"line":70,"column":12},"end":{"line":70,"column":42}},"type":"binary-expr","locations":[{"start":{"line":70,"column":12},"end":{"line":70,"column":25}},{"start":{"line":70,"column":29},"end":{"line":70,"column":42}}]},"3":{"loc":{"start":{"line":72,"column":8},"end":{"line":72,"column":63}},"type":"if","locations":[{"start":{"line":72,"column":8},"end":{"line":72,"column":63}}]},"4":{"loc":{"start":{"line":73,"column":8},"end":{"line":73,"column":63}},"type":"if","locations":[{"start":{"line":73,"column":8},"end":{"line":73,"column":63}}]},"5":{"loc":{"start":{"line":85,"column":8},"end":{"line":88,"column":114}},"type":"if","locations":[{"start":{"line":85,"column":8},"end":{"line":88,"column":114}},{"start":{"line":86,"column":13},"end":{"line":88,"column":114}}]},"6":{"loc":{"start":{"line":86,"column":13},"end":{"line":88,"column":114}},"type":"if","locations":[{"start":{"line":86,"column":13},"end":{"line":88,"column":114}},{"start":{"line":87,"column":13},"end":{"line":88,"column":114}}]},"7":{"loc":{"start":{"line":87,"column":13},"end":{"line":88,"column":114}},"type":"if","locations":[{"start":{"line":87,"column":13},"end":{"line":88,"column":114}},{"start":{"line":88,"column":13},"end":{"line":88,"column":114}}]},"8":{"loc":{"start":{"line":102,"column":52},"end":{"line":102,"column":68}},"type":"binary-expr","locations":[{"start":{"line":102,"column":52},"end":{"line":102,"column":58}},{"start":{"line":102,"column":62},"end":{"line":102,"column":68}}]},"9":{"loc":{"start":{"line":105,"column":4},"end":{"line":105,"column":85}},"type":"if","locations":[{"start":{"line":105,"column":4},"end":{"line":105,"column":85}}]}},"s":{"0":6,"1":6,"2":1,"3":1,"4":1,"5":1,"6":1,"7":1,"8":1,"9":1,"10":1,"11":1,"12":1,"13":1,"14":1,"15":1,"16":1,"17":1,"18":0,"19":0,"20":1,"21":1,"22":1,"23":1,"24":1,"25":1,"26":1,"27":1,"28":0,"29":0,"30":0,"31":0,"32":0,"33":0,"34":0,"35":0,"36":0,"37":0,"38":0,"39":0,"40":0,"41":0,"42":0,"43":0,"44":0,"45":0,"46":0,"47":0,"48":0,"49":0,"50":0,"51":0,"52":0,"53":0,"54":0,"55":0,"56":1,"57":1,"58":1,"59":1,"60":0},"f":{"0":6,"1":1,"2":0,"3":1,"4":0,"5":1},"b":{"0":[1,0],"1":[0],"2":[0,0],"3":[0],"4":[0],"5":[0,0],"6":[0,0],"7":[0,0],"8":[1,0],"9":[0]}}
}
