TN:
SF:src\index.ts
FN:11,initializePlugin
FNF:1
FNH:1
FNDA:1,initializePlugin
DA:12,1
LF:1
LH:1
BRF:0
BRH:0
end_of_record
TN:
SF:src\platform.ts
FN:21,(anonymous_0)
FN:26,(anonymous_1)
FN:51,(anonymous_2)
FN:62,(anonymous_3)
FN:69,(anonymous_4)
FN:101,(anonymous_5)
FNF:6
FNH:4
FNDA:6,(anonymous_0)
FNDA:1,(anonymous_1)
FNDA:0,(anonymous_2)
FNDA:1,(anonymous_3)
FNDA:0,(anonymous_4)
FNDA:1,(anonymous_5)
DA:22,6
DA:23,6
DA:27,1
DA:29,1
DA:31,1
DA:32,1
DA:33,1
DA:34,1
DA:36,1
DA:37,1
DA:39,1
DA:40,1
DA:42,1
DA:43,1
DA:46,1
DA:47,1
DA:49,1
DA:51,1
DA:52,0
DA:53,0
DA:56,1
DA:57,1
DA:58,1
DA:59,1
DA:63,1
DA:65,1
DA:66,1
DA:68,1
DA:70,0
DA:71,0
DA:72,0
DA:73,0
DA:74,0
DA:75,0
DA:76,0
DA:77,0
DA:78,0
DA:79,0
DA:80,0
DA:81,0
DA:82,0
DA:83,0
DA:85,0
DA:86,0
DA:87,0
DA:88,0
DA:91,0
DA:93,0
DA:94,0
DA:95,0
DA:102,1
DA:103,1
DA:104,1
DA:105,1
LF:54
LH:30
BRDA:27,0,0,1
BRDA:27,0,1,0
BRDA:70,1,0,0
BRDA:70,2,0,0
BRDA:70,2,1,0
BRDA:72,3,0,0
BRDA:73,4,0,0
BRDA:85,5,0,0
BRDA:85,5,1,0
BRDA:86,6,0,0
BRDA:86,6,1,0
BRDA:87,7,0,0
BRDA:87,7,1,0
BRDA:102,8,0,1
BRDA:102,8,1,0
BRDA:105,9,0,0
BRF:16
BRH:2
end_of_record
